0 info it worked if it ends with ok
1 verbose cli [ '/usr/local/bin/node',
1 verbose cli   '/usr/local/bin/npm',
1 verbose cli   'install',
1 verbose cli   '-g',
1 verbose cli   'jasmine' ]
2 info using npm@2.15.5
3 info using node@v4.4.5
4 verbose install initial load of /usr/local/lib/package.json
5 verbose readDependencies loading dependencies from /usr/local/lib/package.json
6 silly cache add args [ 'jasmine', null ]
7 verbose cache add spec jasmine
8 silly cache add parsed spec Result {
8 silly cache add   raw: 'jasmine',
8 silly cache add   scope: null,
8 silly cache add   name: 'jasmine',
8 silly cache add   rawSpec: '',
8 silly cache add   spec: 'latest',
8 silly cache add   type: 'tag' }
9 silly addNamed jasmine@latest
10 verbose addNamed "latest" is being treated as a dist-tag for jasmine
11 info addNameTag [ 'jasmine', 'latest' ]
12 silly mapToRegistry name jasmine
13 silly mapToRegistry using default registry
14 silly mapToRegistry registry https://registry.npmjs.org/
15 silly mapToRegistry data Result {
15 silly mapToRegistry   raw: 'jasmine',
15 silly mapToRegistry   scope: null,
15 silly mapToRegistry   name: 'jasmine',
15 silly mapToRegistry   rawSpec: '',
15 silly mapToRegistry   spec: 'latest',
15 silly mapToRegistry   type: 'tag' }
16 silly mapToRegistry uri https://registry.npmjs.org/jasmine
17 verbose addNameTag registry:https://registry.npmjs.org/jasmine not in flight; fetching
18 verbose request uri https://registry.npmjs.org/jasmine
19 verbose request no auth needed
20 info attempt registry request try #1 at 1:40:12 PM
21 verbose request id 583397d61b36435c
22 verbose etag "226GLD8L8DVIBHNNKR0FAJ2BP"
23 http request GET https://registry.npmjs.org/jasmine
24 http 304 https://registry.npmjs.org/jasmine
25 verbose headers { date: 'Sat, 16 Jul 2016 17:40:16 GMT',
25 verbose headers   via: '1.1 varnish',
25 verbose headers   'cache-control': 'max-age=300',
25 verbose headers   etag: '"226GLD8L8DVIBHNNKR0FAJ2BP"',
25 verbose headers   age: '17',
25 verbose headers   connection: 'keep-alive',
25 verbose headers   'x-served-by': 'cache-dfw1845-DFW',
25 verbose headers   'x-cache': 'HIT',
25 verbose headers   'x-cache-hits': '1',
25 verbose headers   'x-timer': 'S1468690816.802595,VS0,VE0',
25 verbose headers   vary: 'Accept-Encoding' }
26 silly get cb [ 304,
26 silly get   { date: 'Sat, 16 Jul 2016 17:40:16 GMT',
26 silly get     via: '1.1 varnish',
26 silly get     'cache-control': 'max-age=300',
26 silly get     etag: '"226GLD8L8DVIBHNNKR0FAJ2BP"',
26 silly get     age: '17',
26 silly get     connection: 'keep-alive',
26 silly get     'x-served-by': 'cache-dfw1845-DFW',
26 silly get     'x-cache': 'HIT',
26 silly get     'x-cache-hits': '1',
26 silly get     'x-timer': 'S1468690816.802595,VS0,VE0',
26 silly get     vary: 'Accept-Encoding' } ]
27 verbose etag https://registry.npmjs.org/jasmine from cache
28 verbose get saving jasmine to /Users/marklieberman/.npm/registry.npmjs.org/jasmine/.cache.json
29 verbose correctMkdir /Users/marklieberman/.npm correctMkdir not in flight; initializing
30 silly addNameTag next cb for jasmine with tag latest
31 silly addNamed jasmine@2.4.1
32 verbose addNamed "2.4.1" is a plain semver version for jasmine
33 silly cache afterAdd jasmine@2.4.1
34 verbose afterAdd /Users/marklieberman/.npm/jasmine/2.4.1/package/package.json not in flight; writing
35 verbose correctMkdir /Users/marklieberman/.npm correctMkdir not in flight; initializing
36 verbose afterAdd /Users/marklieberman/.npm/jasmine/2.4.1/package/package.json written
37 silly install resolved [ { name: 'jasmine',
37 silly install resolved     description: 'Command line jasmine',
37 silly install resolved     homepage: 'http://jasmine.github.io/',
37 silly install resolved     keywords: [ 'test', 'jasmine', 'tdd', 'bdd' ],
37 silly install resolved     license: 'MIT',
37 silly install resolved     version: '2.4.1',
37 silly install resolved     repository:
37 silly install resolved      { type: 'git',
37 silly install resolved        url: 'git+https://github.com/jasmine/jasmine-npm.git' },
37 silly install resolved     scripts: { test: 'grunt && ./bin/jasmine.js' },
37 silly install resolved     dependencies: { exit: '^0.1.2', glob: '^3.2.11', 'jasmine-core': '~2.4.0' },
37 silly install resolved     bin: { jasmine: './bin/jasmine.js' },
37 silly install resolved     main: './lib/jasmine.js',
37 silly install resolved     devDependencies:
37 silly install resolved      { grunt: '^0.4.2',
37 silly install resolved        'grunt-cli': '^0.1.13',
37 silly install resolved        'grunt-contrib-jshint': '^0.11.0',
37 silly install resolved        shelljs: '^0.3.0' },
37 silly install resolved     gitHead: '17344da242f81c61e4d19a895960bf9414fae07d',
37 silly install resolved     bugs: { url: 'https://github.com/jasmine/jasmine-npm/issues' },
37 silly install resolved     _id: 'jasmine@2.4.1',
37 silly install resolved     _shasum: '9016dda453213d27ac6d43dc4ea97315a189085e',
37 silly install resolved     _from: 'jasmine@latest',
37 silly install resolved     _npmVersion: '2.12.1',
37 silly install resolved     _nodeVersion: '0.12.7',
37 silly install resolved     _npmUser: { name: 'slackersoft', email: 'gregg@slackersoft.net' },
37 silly install resolved     maintainers: [ [Object], [Object], [Object] ],
37 silly install resolved     dist:
37 silly install resolved      { shasum: '9016dda453213d27ac6d43dc4ea97315a189085e',
37 silly install resolved        tarball: 'https://registry.npmjs.org/jasmine/-/jasmine-2.4.1.tgz' },
37 silly install resolved     directories: {},
37 silly install resolved     _resolved: 'https://registry.npmjs.org/jasmine/-/jasmine-2.4.1.tgz',
37 silly install resolved     readme: 'ERROR: No README data found!' } ]
38 info install jasmine@2.4.1 into /usr/local/lib
39 info installOne jasmine@2.4.1
40 verbose installOne of jasmine to /usr/local/lib not in flight; installing
41 verbose correctMkdir /Users/marklieberman/.npm/_locks correctMkdir not in flight; initializing
42 verbose lock using /Users/marklieberman/.npm/_locks/jasmine-166463d93d0f0777.lock for /usr/local/lib/node_modules/jasmine
43 silly install write writing jasmine 2.4.1 to /usr/local/lib/node_modules/jasmine
44 verbose unbuild lib/node_modules/jasmine
45 silly gentlyRm /usr/local/lib/node_modules/jasmine is being purged from base /usr/local
46 verbose gentlyRm don't care about contents; nuking /usr/local/lib/node_modules/jasmine
47 verbose tar unpack /Users/marklieberman/.npm/jasmine/2.4.1/package.tgz
48 verbose tar unpacking to /usr/local/lib/node_modules/jasmine
49 silly gentlyRm /usr/local/lib/node_modules/jasmine is being purged
50 verbose gentlyRm don't care about contents; nuking /usr/local/lib/node_modules/jasmine
51 silly gunzTarPerm modes [ '755', '644' ]
52 error tar.unpack untar error /Users/marklieberman/.npm/jasmine/2.4.1/package.tgz
53 verbose unlock done using /Users/marklieberman/.npm/_locks/jasmine-166463d93d0f0777.lock for /usr/local/lib/node_modules/jasmine
54 verbose fstream_path /usr/local/lib/node_modules/jasmine
55 verbose fstream_type Directory
56 verbose fstream_class DirWriter
57 verbose stack Error: EACCES: permission denied, mkdir '/usr/local/lib/node_modules/jasmine'
57 verbose stack     at Error (native)
58 verbose fstream_stack /usr/local/lib/node_modules/npm/node_modules/fstream/lib/dir-writer.js:35:25
58 verbose fstream_stack /usr/local/lib/node_modules/npm/node_modules/mkdirp/index.js:47:53
58 verbose fstream_stack FSReqWrap.oncomplete (fs.js:82:15)
59 verbose cwd /Users/marklieberman/Documents/Resume Code
60 error Darwin 15.5.0
61 error argv "/usr/local/bin/node" "/usr/local/bin/npm" "install" "-g" "jasmine"
62 error node v4.4.5
63 error npm  v2.15.5
64 error path /usr/local/lib/node_modules/jasmine
65 error code EACCES
66 error errno -13
67 error syscall mkdir
68 error Error: EACCES: permission denied, mkdir '/usr/local/lib/node_modules/jasmine'
68 error     at Error (native)
68 error  { [Error: EACCES: permission denied, mkdir '/usr/local/lib/node_modules/jasmine']
68 error   errno: -13,
68 error   code: 'EACCES',
68 error   syscall: 'mkdir',
68 error   path: '/usr/local/lib/node_modules/jasmine',
68 error   fstream_type: 'Directory',
68 error   fstream_path: '/usr/local/lib/node_modules/jasmine',
68 error   fstream_class: 'DirWriter',
68 error   fstream_stack:
68 error    [ '/usr/local/lib/node_modules/npm/node_modules/fstream/lib/dir-writer.js:35:25',
68 error      '/usr/local/lib/node_modules/npm/node_modules/mkdirp/index.js:47:53',
68 error      'FSReqWrap.oncomplete (fs.js:82:15)' ] }
69 error Please try running this command again as root/Administrator.
70 verbose exit [ -13, true ]
71 verbose unbuild lib/node_modules/jasmine
72 silly gentlyRm /usr/local/lib/node_modules/jasmine is being purged from base /usr/local
73 verbose gentlyRm don't care about contents; nuking /usr/local/lib/node_modules/jasmine
